<?xml version="1.0" encoding="UTF-8"?>
<!-- Generated by org.testng.reporters.JUnitReportReporter -->
<testsuite hostname="DESKTOP-KDK1JRG" failures="0" tests="2" name="TestCases.FirstTest" time="6.675" errors="0" timestamp="2024-04-24T06:34:53 BST" skipped="0">
  <testcase classname="TestCases.FirstTest" name="testlogin" time="0.631"/>
  <system-out/>
  <testcase classname="TestCases.FirstTest" name="testadd" time="6.044"/>
  <system-out/>
</testsuite> <!-- TestCases.FirstTest -->
